[2019-10-24 23:20:12,102 INFO] Extracting features...
[2019-10-24 23:20:12,102 INFO]  * number of source features: 0.
[2019-10-24 23:20:12,102 INFO]  * number of target features: 0.
[2019-10-24 23:20:12,102 INFO] Building `Fields` object...
[2019-10-24 23:20:12,102 INFO] Building & saving training data...
[2019-10-24 23:20:12,103 WARNING] Shards for corpus train already exist, won't be overwritten, pass the `-overwrite` option if you want to.
[2019-10-24 23:20:12,103 INFO] Building & saving validation data...
[2019-10-24 23:20:12,103 WARNING] Shards for corpus valid already exist, won't be overwritten, pass the `-overwrite` option if you want to.
[2019-10-24 23:20:19,363 INFO] Extracting features...
[2019-10-24 23:20:19,363 INFO]  * number of source features: 0.
[2019-10-24 23:20:19,363 INFO]  * number of target features: 0.
[2019-10-24 23:20:19,363 INFO] Building `Fields` object...
[2019-10-24 23:20:19,364 INFO] Building & saving training data...
[2019-10-24 23:20:19,364 WARNING] Shards for corpus train already exist, will be overwritten because `-overwrite` option is set.
[2019-10-24 23:20:19,370 WARNING] Overwrite shards for corpus None
[2019-10-24 23:20:20,245 INFO] Building shard 0.
[2019-10-24 23:20:37,060 INFO]  * saving 0th train data shard to python_data_500000.train.0.pt.
[2019-10-24 23:20:56,088 INFO]  * tgt vocab size: 31223.
[2019-10-24 23:20:56,273 INFO]  * src vocab size: 50002.
[2019-10-24 23:20:56,616 INFO] Building & saving validation data...
[2019-10-24 23:20:56,616 WARNING] Shards for corpus valid already exist, will be overwritten because `-overwrite` option is set.
[2019-10-24 23:20:56,622 WARNING] Overwrite shards for corpus None
[2019-10-24 23:20:56,880 INFO] Building shard 0.
[2019-10-24 23:20:58,001 INFO]  * saving 0th valid data shard to python_data_500000.valid.0.pt.
[2019-10-24 23:31:19,016 INFO] Extracting features...
[2019-10-24 23:31:19,016 INFO]  * number of source features: 0.
[2019-10-24 23:31:19,017 INFO]  * number of target features: 0.
[2019-10-24 23:31:19,017 INFO] Building `Fields` object...
[2019-10-24 23:31:19,017 INFO] Building & saving training data...
[2019-10-24 23:31:19,863 INFO] Building shard 0.
[2019-10-24 23:31:36,750 INFO]  * saving 0th train data shard to python_data_500000.train.0.pt.
[2019-10-24 23:31:54,890 INFO]  * tgt vocab size: 31223.
[2019-10-24 23:31:55,041 INFO]  * src vocab size: 12723.
[2019-10-24 23:31:55,302 INFO] Building & saving validation data...
[2019-10-24 23:31:55,522 INFO] Building shard 0.
[2019-10-24 23:31:56,626 INFO]  * saving 0th valid data shard to python_data_500000.valid.0.pt.
[2019-10-24 23:32:48,712 INFO] Extracting features...
[2019-10-24 23:32:48,713 INFO]  * number of source features: 0.
[2019-10-24 23:32:48,713 INFO]  * number of target features: 0.
[2019-10-24 23:32:48,713 INFO] Building `Fields` object...
[2019-10-24 23:32:48,713 INFO] Building & saving training data...
[2019-10-24 23:32:48,714 WARNING] Shards for corpus train already exist, won't be overwritten, pass the `-overwrite` option if you want to.
[2019-10-24 23:32:48,714 INFO] Building & saving validation data...
[2019-10-24 23:32:48,714 WARNING] Shards for corpus valid already exist, won't be overwritten, pass the `-overwrite` option if you want to.
[2019-10-24 23:32:55,459 INFO] Extracting features...
[2019-10-24 23:32:55,460 INFO]  * number of source features: 0.
[2019-10-24 23:32:55,460 INFO]  * number of target features: 0.
[2019-10-24 23:32:55,460 INFO] Building `Fields` object...
[2019-10-24 23:32:55,460 INFO] Building & saving training data...
[2019-10-24 23:32:55,461 WARNING] Shards for corpus train already exist, will be overwritten because `-overwrite` option is set.
[2019-10-24 23:32:55,466 WARNING] Overwrite shards for corpus None
[2019-10-24 23:32:56,316 INFO] Building shard 0.
[2019-10-24 23:33:13,227 INFO]  * saving 0th train data shard to python_data_500000.train.0.pt.
[2019-10-24 23:33:32,823 INFO]  * tgt vocab size: 3764.
[2019-10-24 23:33:32,973 INFO]  * src vocab size: 12723.
[2019-10-24 23:33:33,177 INFO] Building & saving validation data...
[2019-10-24 23:33:33,178 WARNING] Shards for corpus valid already exist, will be overwritten because `-overwrite` option is set.
[2019-10-24 23:33:33,183 WARNING] Overwrite shards for corpus None
[2019-10-24 23:33:33,385 INFO] Building shard 0.
[2019-10-24 23:33:34,505 INFO]  * saving 0th valid data shard to python_data_500000.valid.0.pt.
